Build started 07/12/2012 21:54:10.
     1>Project "C:\Users\Richard\SkyDrive\Documents\Gaming Projects\Third Party\tinypy-1.1\vs\tinypy_lib.vcxproj" on node 2 (Build target(s)).
     1>ClCompile:
         C:\Program Files (x86)\Microsoft Visual Studio 11.0\VC\bin\CL.exe /c /ZI /nologo /W1 /WX- /Od /Oy- /D _MBCS /Gm /EHsc /RTC1 /MDd /GS /fp:precise /Zc:wchar_t /Zc:forScope /Fo"Debug\\" /Fd"Debug\vc110.pdb" /Gd /TC /analyze- /errorReport:prompt ..\tinypy\tp.c
         tp.c
     1>c:\users\richard\skydrive\documents\gaming projects\third party\tinypy-1.1\tinypy\builtins.c(117): error C2065: 'FILE' : undeclared identifier
     1>c:\users\richard\skydrive\documents\gaming projects\third party\tinypy-1.1\tinypy\builtins.c(117): error C2065: 'f' : undeclared identifier
     1>c:\users\richard\skydrive\documents\gaming projects\third party\tinypy-1.1\tinypy\builtins.c(117): warning C4552: '*' : operator has no effect; expected operator with side-effect
     1>c:\users\richard\skydrive\documents\gaming projects\third party\tinypy-1.1\tinypy\builtins.c(118): error C2065: 'f' : undeclared identifier
     1>c:\users\richard\skydrive\documents\gaming projects\third party\tinypy-1.1\tinypy\builtins.c(119): error C2065: 'f' : undeclared identifier
     1>c:\users\richard\skydrive\documents\gaming projects\third party\tinypy-1.1\tinypy\builtins.c(120): error C2065: 'f' : undeclared identifier
     1>c:\users\richard\skydrive\documents\gaming projects\third party\tinypy-1.1\tinypy\builtins.c(121): error C2065: 'f' : undeclared identifier
     1>c:\users\richard\skydrive\documents\gaming projects\third party\tinypy-1.1\tinypy\builtins.c(126): error C2065: 'FILE' : undeclared identifier
     1>c:\users\richard\skydrive\documents\gaming projects\third party\tinypy-1.1\tinypy\builtins.c(126): error C2065: 'f' : undeclared identifier
     1>c:\users\richard\skydrive\documents\gaming projects\third party\tinypy-1.1\tinypy\builtins.c(126): warning C4552: '*' : operator has no effect; expected operator with side-effect
     1>c:\users\richard\skydrive\documents\gaming projects\third party\tinypy-1.1\tinypy\builtins.c(127): error C2143: syntax error : missing ';' before 'type'
     1>c:\users\richard\skydrive\documents\gaming projects\third party\tinypy-1.1\tinypy\builtins.c(128): error C2275: 'tp_obj' : illegal use of this type as an expression
                 c:\users\richard\skydrive\documents\gaming projects\third party\tinypy-1.1\tinypy\tp.h(82) : see declaration of 'tp_obj'
     1>c:\users\richard\skydrive\documents\gaming projects\third party\tinypy-1.1\tinypy\builtins.c(128): error C2146: syntax error : missing ';' before identifier 'r'
     1>c:\users\richard\skydrive\documents\gaming projects\third party\tinypy-1.1\tinypy\builtins.c(128): error C2065: 'r' : undeclared identifier
     1>c:\users\richard\skydrive\documents\gaming projects\third party\tinypy-1.1\tinypy\builtins.c(129): error C2143: syntax error : missing ';' before 'type'
     1>c:\users\richard\skydrive\documents\gaming projects\third party\tinypy-1.1\tinypy\builtins.c(130): error C2143: syntax error : missing ';' before 'type'
     1>c:\users\richard\skydrive\documents\gaming projects\third party\tinypy-1.1\tinypy\builtins.c(131): error C2143: syntax error : missing ';' before 'type'
     1>c:\users\richard\skydrive\documents\gaming projects\third party\tinypy-1.1\tinypy\builtins.c(132): error C2065: 'fname' : undeclared identifier
     1>c:\users\richard\skydrive\documents\gaming projects\third party\tinypy-1.1\tinypy\builtins.c(132): warning C4047: 'function' : 'const char *' differs in levels of indirection from 'int'
     1>c:\users\richard\skydrive\documents\gaming projects\third party\tinypy-1.1\tinypy\builtins.c(132): warning C4024: 'stat' : different types for formal and actual parameter 1
     1>c:\users\richard\skydrive\documents\gaming projects\third party\tinypy-1.1\tinypy\builtins.c(132): error C2065: 'stbuf' : undeclared identifier
     1>c:\users\richard\skydrive\documents\gaming projects\third party\tinypy-1.1\tinypy\builtins.c(132): warning C4133: 'function' : incompatible types - from 'int *' to 'stat *'
     1>c:\users\richard\skydrive\documents\gaming projects\third party\tinypy-1.1\tinypy\builtins.c(133): error C2065: 'l' : undeclared identifier
     1>c:\users\richard\skydrive\documents\gaming projects\third party\tinypy-1.1\tinypy\builtins.c(133): error C2065: 'stbuf' : undeclared identifier
     1>c:\users\richard\skydrive\documents\gaming projects\third party\tinypy-1.1\tinypy\builtins.c(133): error C2224: left of '.st_size' must have struct/union type
     1>c:\users\richard\skydrive\documents\gaming projects\third party\tinypy-1.1\tinypy\builtins.c(134): error C2065: 'f' : undeclared identifier
     1>c:\users\richard\skydrive\documents\gaming projects\third party\tinypy-1.1\tinypy\builtins.c(134): error C2065: 'fname' : undeclared identifier
     1>c:\users\richard\skydrive\documents\gaming projects\third party\tinypy-1.1\tinypy\builtins.c(135): error C2065: 'f' : undeclared identifier
     1>c:\users\richard\skydrive\documents\gaming projects\third party\tinypy-1.1\tinypy\builtins.c(136): error C2065: 'fname' : undeclared identifier
     1>c:\users\richard\skydrive\documents\gaming projects\third party\tinypy-1.1\tinypy\builtins.c(138): error C2065: 'r' : undeclared identifier
     1>c:\users\richard\skydrive\documents\gaming projects\third party\tinypy-1.1\tinypy\builtins.c(138): error C2065: 'l' : undeclared identifier
     1>c:\users\richard\skydrive\documents\gaming projects\third party\tinypy-1.1\tinypy\builtins.c(138): error C2440: '=' : cannot convert from 'tp_obj' to 'int'
     1>c:\users\richard\skydrive\documents\gaming projects\third party\tinypy-1.1\tinypy\builtins.c(139): error C2065: 's' : undeclared identifier
     1>c:\users\richard\skydrive\documents\gaming projects\third party\tinypy-1.1\tinypy\builtins.c(139): error C2065: 'r' : undeclared identifier
     1>c:\users\richard\skydrive\documents\gaming projects\third party\tinypy-1.1\tinypy\builtins.c(139): error C2224: left of '.string' must have struct/union type
     1>c:\users\richard\skydrive\documents\gaming projects\third party\tinypy-1.1\tinypy\builtins.c(140): error C2065: 's' : undeclared identifier
     1>c:\users\richard\skydrive\documents\gaming projects\third party\tinypy-1.1\tinypy\builtins.c(140): error C2065: 'l' : undeclared identifier
     1>c:\users\richard\skydrive\documents\gaming projects\third party\tinypy-1.1\tinypy\builtins.c(140): error C2065: 'f' : undeclared identifier
     1>c:\users\richard\skydrive\documents\gaming projects\third party\tinypy-1.1\tinypy\builtins.c(141): error C2065: 'f' : undeclared identifier
     1>c:\users\richard\skydrive\documents\gaming projects\third party\tinypy-1.1\tinypy\builtins.c(142): error C2065: 'r' : undeclared identifier
     1>c:\users\richard\skydrive\documents\gaming projects\third party\tinypy-1.1\tinypy\builtins.c(142): error C2440: 'function' : cannot convert from 'int' to 'tp_obj'
     1>c:\users\richard\skydrive\documents\gaming projects\third party\tinypy-1.1\tinypy\builtins.c(142): warning C4024: 'tp_track' : different types for formal and actual parameter 2
     1>Done Building Project "C:\Users\Richard\SkyDrive\Documents\Gaming Projects\Third Party\tinypy-1.1\vs\tinypy_lib.vcxproj" (Build target(s)) -- FAILED.

Build FAILED.

Time Elapsed 00:00:00.77
